2020-01-01 21:31:11,265 3      [           main] DEBUG ache.ibatis.logging.LogFactory  - Logging initialized using 'class org.apache.ibatis.logging.log4j.Log4jImpl' adapter.
2020-01-01 21:31:11,503 241    [           main] DEBUG source.pooled.PooledDataSource  - PooledDataSource forcefully closed/removed all connections.
2020-01-01 21:31:11,504 242    [           main] DEBUG source.pooled.PooledDataSource  - PooledDataSource forcefully closed/removed all connections.
2020-01-01 21:31:11,504 242    [           main] DEBUG source.pooled.PooledDataSource  - PooledDataSource forcefully closed/removed all connections.
2020-01-01 21:31:11,504 242    [           main] DEBUG source.pooled.PooledDataSource  - PooledDataSource forcefully closed/removed all connections.
2020-01-01 21:32:42,808 0      [           main] DEBUG ache.ibatis.logging.LogFactory  - Logging initialized using 'class org.apache.ibatis.logging.log4j.Log4jImpl' adapter.
2020-01-01 21:32:42,936 128    [           main] DEBUG source.pooled.PooledDataSource  - PooledDataSource forcefully closed/removed all connections.
2020-01-01 21:32:42,936 128    [           main] DEBUG source.pooled.PooledDataSource  - PooledDataSource forcefully closed/removed all connections.
2020-01-01 21:32:42,942 134    [           main] DEBUG source.pooled.PooledDataSource  - PooledDataSource forcefully closed/removed all connections.
2020-01-01 21:32:42,942 134    [           main] DEBUG source.pooled.PooledDataSource  - PooledDataSource forcefully closed/removed all connections.
2020-01-01 21:32:43,035 227    [           main] DEBUG ansaction.jdbc.JdbcTransaction  - Opening JDBC Connection
2020-01-01 21:33:32,620 0      [           main] DEBUG ache.ibatis.logging.LogFactory  - Logging initialized using 'class org.apache.ibatis.logging.log4j.Log4jImpl' adapter.
2020-01-01 21:33:32,745 125    [           main] DEBUG source.pooled.PooledDataSource  - PooledDataSource forcefully closed/removed all connections.
2020-01-01 21:33:32,745 125    [           main] DEBUG source.pooled.PooledDataSource  - PooledDataSource forcefully closed/removed all connections.
2020-01-01 21:33:32,745 125    [           main] DEBUG source.pooled.PooledDataSource  - PooledDataSource forcefully closed/removed all connections.
2020-01-01 21:33:32,745 125    [           main] DEBUG source.pooled.PooledDataSource  - PooledDataSource forcefully closed/removed all connections.
2020-01-01 21:33:32,843 223    [           main] DEBUG ansaction.jdbc.JdbcTransaction  - Opening JDBC Connection
2020-01-01 21:33:33,144 524    [           main] DEBUG source.pooled.PooledDataSource  - Created connection 701141022.
2020-01-01 21:33:33,145 525    [           main] DEBUG ansaction.jdbc.JdbcTransaction  - Setting autocommit to false on JDBC Connection [com.mysql.jdbc.JDBC4Connection@29ca901e]
2020-01-01 21:33:33,149 529    [           main] DEBUG m.ithemas.Dao.IUserDao.findAll  - ==>  Preparing: select * from user 
2020-01-01 21:33:33,219 599    [           main] DEBUG m.ithemas.Dao.IUserDao.findAll  - ==> Parameters: 
2020-01-01 21:33:33,281 661    [           main] DEBUG m.ithemas.Dao.IUserDao.findAll  - <==      Total: 1
2020-01-01 21:33:33,286 666    [           main] DEBUG ansaction.jdbc.JdbcTransaction  - Resetting autocommit to true on JDBC Connection [com.mysql.jdbc.JDBC4Connection@29ca901e]
2020-01-01 21:33:33,287 667    [           main] DEBUG ansaction.jdbc.JdbcTransaction  - Closing JDBC Connection [com.mysql.jdbc.JDBC4Connection@29ca901e]
2020-01-01 21:33:33,287 667    [           main] DEBUG source.pooled.PooledDataSource  - Returned connection 701141022 to pool.
2020-01-01 21:46:24,326 0      [           main] DEBUG ache.ibatis.logging.LogFactory  - Logging initialized using 'class org.apache.ibatis.logging.log4j.Log4jImpl' adapter.
2020-01-01 21:46:24,540 214    [           main] DEBUG source.pooled.PooledDataSource  - PooledDataSource forcefully closed/removed all connections.
2020-01-01 21:46:24,541 215    [           main] DEBUG source.pooled.PooledDataSource  - PooledDataSource forcefully closed/removed all connections.
2020-01-01 21:46:24,541 215    [           main] DEBUG source.pooled.PooledDataSource  - PooledDataSource forcefully closed/removed all connections.
2020-01-01 21:46:24,541 215    [           main] DEBUG source.pooled.PooledDataSource  - PooledDataSource forcefully closed/removed all connections.
2020-01-01 21:46:24,602 276    [           main] DEBUG ansaction.jdbc.JdbcTransaction  - Opening JDBC Connection
2020-01-01 21:46:24,906 580    [           main] DEBUG source.pooled.PooledDataSource  - Created connection 1282473384.
2020-01-01 21:46:24,906 580    [           main] DEBUG ansaction.jdbc.JdbcTransaction  - Setting autocommit to false on JDBC Connection [com.mysql.jdbc.JDBC4Connection@4c70fda8]
2020-01-01 21:46:24,909 583    [           main] DEBUG m.ithemas.Dao.IUserDao.findAll  - ==>  Preparing: select * from user 
2020-01-01 21:46:24,956 630    [           main] DEBUG m.ithemas.Dao.IUserDao.findAll  - ==> Parameters: 
2020-01-01 21:46:25,003 677    [           main] DEBUG m.ithemas.Dao.IUserDao.findAll  - <==      Total: 1
2020-01-01 21:46:25,010 684    [           main] DEBUG ansaction.jdbc.JdbcTransaction  - Resetting autocommit to true on JDBC Connection [com.mysql.jdbc.JDBC4Connection@4c70fda8]
2020-01-01 21:46:25,010 684    [           main] DEBUG ansaction.jdbc.JdbcTransaction  - Closing JDBC Connection [com.mysql.jdbc.JDBC4Connection@4c70fda8]
2020-01-01 21:46:25,010 684    [           main] DEBUG source.pooled.PooledDataSource  - Returned connection 1282473384 to pool.
2020-01-04 21:05:45,280 0      [           main] DEBUG ache.ibatis.logging.LogFactory  - Logging initialized using 'class org.apache.ibatis.logging.log4j.Log4jImpl' adapter.
2020-01-04 21:05:45,599 319    [           main] DEBUG source.pooled.PooledDataSource  - PooledDataSource forcefully closed/removed all connections.
2020-01-04 21:05:45,599 319    [           main] DEBUG source.pooled.PooledDataSource  - PooledDataSource forcefully closed/removed all connections.
2020-01-04 21:05:45,600 320    [           main] DEBUG source.pooled.PooledDataSource  - PooledDataSource forcefully closed/removed all connections.
2020-01-04 21:05:45,600 320    [           main] DEBUG source.pooled.PooledDataSource  - PooledDataSource forcefully closed/removed all connections.
2020-01-04 21:06:10,659 0      [           main] DEBUG ache.ibatis.logging.LogFactory  - Logging initialized using 'class org.apache.ibatis.logging.log4j.Log4jImpl' adapter.
2020-01-04 21:06:10,777 118    [           main] DEBUG source.pooled.PooledDataSource  - PooledDataSource forcefully closed/removed all connections.
2020-01-04 21:06:10,778 119    [           main] DEBUG source.pooled.PooledDataSource  - PooledDataSource forcefully closed/removed all connections.
2020-01-04 21:06:10,778 119    [           main] DEBUG source.pooled.PooledDataSource  - PooledDataSource forcefully closed/removed all connections.
2020-01-04 21:06:10,778 119    [           main] DEBUG source.pooled.PooledDataSource  - PooledDataSource forcefully closed/removed all connections.
2020-01-04 21:08:01,976 0      [           main] DEBUG ache.ibatis.logging.LogFactory  - Logging initialized using 'class org.apache.ibatis.logging.log4j.Log4jImpl' adapter.
2020-01-04 21:08:02,133 157    [           main] DEBUG source.pooled.PooledDataSource  - PooledDataSource forcefully closed/removed all connections.
2020-01-04 21:08:02,133 157    [           main] DEBUG source.pooled.PooledDataSource  - PooledDataSource forcefully closed/removed all connections.
2020-01-04 21:08:02,134 158    [           main] DEBUG source.pooled.PooledDataSource  - PooledDataSource forcefully closed/removed all connections.
2020-01-04 21:08:02,134 158    [           main] DEBUG source.pooled.PooledDataSource  - PooledDataSource forcefully closed/removed all connections.
2020-01-04 21:11:11,615 0      [           main] DEBUG ache.ibatis.logging.LogFactory  - Logging initialized using 'class org.apache.ibatis.logging.log4j.Log4jImpl' adapter.
2020-01-04 21:11:11,753 138    [           main] DEBUG source.pooled.PooledDataSource  - PooledDataSource forcefully closed/removed all connections.
2020-01-04 21:11:11,753 138    [           main] DEBUG source.pooled.PooledDataSource  - PooledDataSource forcefully closed/removed all connections.
2020-01-04 21:11:11,753 138    [           main] DEBUG source.pooled.PooledDataSource  - PooledDataSource forcefully closed/removed all connections.
2020-01-04 21:11:11,753 138    [           main] DEBUG source.pooled.PooledDataSource  - PooledDataSource forcefully closed/removed all connections.
2020-01-04 21:13:07,219 0      [           main] DEBUG ache.ibatis.logging.LogFactory  - Logging initialized using 'class org.apache.ibatis.logging.log4j.Log4jImpl' adapter.
2020-01-04 21:13:07,336 117    [           main] DEBUG source.pooled.PooledDataSource  - PooledDataSource forcefully closed/removed all connections.
2020-01-04 21:13:07,336 117    [           main] DEBUG source.pooled.PooledDataSource  - PooledDataSource forcefully closed/removed all connections.
2020-01-04 21:13:07,336 117    [           main] DEBUG source.pooled.PooledDataSource  - PooledDataSource forcefully closed/removed all connections.
2020-01-04 21:13:07,336 117    [           main] DEBUG source.pooled.PooledDataSource  - PooledDataSource forcefully closed/removed all connections.
2020-01-04 21:14:21,943 0      [           main] DEBUG ache.ibatis.logging.LogFactory  - Logging initialized using 'class org.apache.ibatis.logging.log4j.Log4jImpl' adapter.
2020-01-04 21:14:22,144 201    [           main] DEBUG source.pooled.PooledDataSource  - PooledDataSource forcefully closed/removed all connections.
2020-01-04 21:14:22,146 203    [           main] DEBUG source.pooled.PooledDataSource  - PooledDataSource forcefully closed/removed all connections.
2020-01-04 21:14:22,147 204    [           main] DEBUG source.pooled.PooledDataSource  - PooledDataSource forcefully closed/removed all connections.
2020-01-04 21:14:22,147 204    [           main] DEBUG source.pooled.PooledDataSource  - PooledDataSource forcefully closed/removed all connections.
2020-01-04 21:16:16,915 1      [           main] DEBUG ache.ibatis.logging.LogFactory  - Logging initialized using 'class org.apache.ibatis.logging.log4j.Log4jImpl' adapter.
2020-01-04 21:16:17,038 124    [           main] DEBUG source.pooled.PooledDataSource  - PooledDataSource forcefully closed/removed all connections.
2020-01-04 21:16:17,038 124    [           main] DEBUG source.pooled.PooledDataSource  - PooledDataSource forcefully closed/removed all connections.
2020-01-04 21:16:17,038 124    [           main] DEBUG source.pooled.PooledDataSource  - PooledDataSource forcefully closed/removed all connections.
2020-01-04 21:16:17,038 124    [           main] DEBUG source.pooled.PooledDataSource  - PooledDataSource forcefully closed/removed all connections.
2020-01-04 21:16:54,580 0      [           main] DEBUG ache.ibatis.logging.LogFactory  - Logging initialized using 'class org.apache.ibatis.logging.log4j.Log4jImpl' adapter.
2020-01-04 21:16:54,726 146    [           main] DEBUG source.pooled.PooledDataSource  - PooledDataSource forcefully closed/removed all connections.
2020-01-04 21:16:54,726 146    [           main] DEBUG source.pooled.PooledDataSource  - PooledDataSource forcefully closed/removed all connections.
2020-01-04 21:16:54,726 146    [           main] DEBUG source.pooled.PooledDataSource  - PooledDataSource forcefully closed/removed all connections.
2020-01-04 21:16:54,726 146    [           main] DEBUG source.pooled.PooledDataSource  - PooledDataSource forcefully closed/removed all connections.
2020-01-04 21:16:54,815 235    [           main] DEBUG ansaction.jdbc.JdbcTransaction  - Opening JDBC Connection
2020-01-04 21:16:55,072 492    [           main] DEBUG source.pooled.PooledDataSource  - Created connection 438135304.
2020-01-04 21:16:55,072 492    [           main] DEBUG ansaction.jdbc.JdbcTransaction  - Setting autocommit to false on JDBC Connection [com.mysql.jdbc.JDBC4Connection@1a1d6a08]
2020-01-04 21:16:55,077 497    [           main] DEBUG m.itheima.dao.IUserDao.findAll  - ==>  Preparing: select * from user; 
2020-01-04 21:16:55,157 577    [           main] DEBUG m.itheima.dao.IUserDao.findAll  - ==> Parameters: 
2020-01-04 21:16:55,204 624    [           main] DEBUG m.itheima.dao.IUserDao.findAll  - <==      Total: 4
2020-01-04 21:16:55,216 636    [           main] DEBUG ansaction.jdbc.JdbcTransaction  - Resetting autocommit to true on JDBC Connection [com.mysql.jdbc.JDBC4Connection@1a1d6a08]
2020-01-04 21:16:55,217 637    [           main] DEBUG ansaction.jdbc.JdbcTransaction  - Closing JDBC Connection [com.mysql.jdbc.JDBC4Connection@1a1d6a08]
2020-01-04 21:16:55,217 637    [           main] DEBUG source.pooled.PooledDataSource  - Returned connection 438135304 to pool.
2020-01-04 21:17:19,528 0      [           main] DEBUG ache.ibatis.logging.LogFactory  - Logging initialized using 'class org.apache.ibatis.logging.log4j.Log4jImpl' adapter.
2020-01-04 21:17:19,667 139    [           main] DEBUG source.pooled.PooledDataSource  - PooledDataSource forcefully closed/removed all connections.
2020-01-04 21:17:19,667 139    [           main] DEBUG source.pooled.PooledDataSource  - PooledDataSource forcefully closed/removed all connections.
2020-01-04 21:17:19,667 139    [           main] DEBUG source.pooled.PooledDataSource  - PooledDataSource forcefully closed/removed all connections.
2020-01-04 21:17:19,667 139    [           main] DEBUG source.pooled.PooledDataSource  - PooledDataSource forcefully closed/removed all connections.
2020-01-04 21:17:19,768 240    [           main] DEBUG ansaction.jdbc.JdbcTransaction  - Opening JDBC Connection
2020-01-04 21:17:20,073 545    [           main] DEBUG source.pooled.PooledDataSource  - Created connection 205962452.
2020-01-04 21:17:20,074 546    [           main] DEBUG ansaction.jdbc.JdbcTransaction  - Setting autocommit to false on JDBC Connection [com.mysql.jdbc.JDBC4Connection@c46bcd4]
2020-01-04 21:17:20,077 549    [           main] DEBUG .itheima.dao.IUserDao.saveUser  - ==>  Preparing: insert into user(username,address,sex,birthday) values(?,?,?,?); 
2020-01-04 21:17:20,143 615    [           main] DEBUG .itheima.dao.IUserDao.saveUser  - ==> Parameters: modify User property(String), 北京市顺义区(String), m(String), 2020-01-04 21:17:19.753(Timestamp)
2020-01-04 21:17:20,158 630    [           main] DEBUG .itheima.dao.IUserDao.saveUser  - <==    Updates: 1
2020-01-04 21:17:20,158 630    [           main] DEBUG ansaction.jdbc.JdbcTransaction  - Committing JDBC Connection [com.mysql.jdbc.JDBC4Connection@c46bcd4]
2020-01-04 21:17:20,241 713    [           main] DEBUG ansaction.jdbc.JdbcTransaction  - Resetting autocommit to true on JDBC Connection [com.mysql.jdbc.JDBC4Connection@c46bcd4]
2020-01-04 21:17:20,241 713    [           main] DEBUG ansaction.jdbc.JdbcTransaction  - Closing JDBC Connection [com.mysql.jdbc.JDBC4Connection@c46bcd4]
2020-01-04 21:17:20,241 713    [           main] DEBUG source.pooled.PooledDataSource  - Returned connection 205962452 to pool.
2020-01-04 21:20:53,596 0      [           main] DEBUG ache.ibatis.logging.LogFactory  - Logging initialized using 'class org.apache.ibatis.logging.log4j.Log4jImpl' adapter.
2020-01-04 21:20:53,716 120    [           main] DEBUG source.pooled.PooledDataSource  - PooledDataSource forcefully closed/removed all connections.
2020-01-04 21:20:53,716 120    [           main] DEBUG source.pooled.PooledDataSource  - PooledDataSource forcefully closed/removed all connections.
2020-01-04 21:20:53,716 120    [           main] DEBUG source.pooled.PooledDataSource  - PooledDataSource forcefully closed/removed all connections.
2020-01-04 21:20:53,716 120    [           main] DEBUG source.pooled.PooledDataSource  - PooledDataSource forcefully closed/removed all connections.
2020-01-04 21:20:53,815 219    [           main] DEBUG ansaction.jdbc.JdbcTransaction  - Opening JDBC Connection
2020-01-04 21:20:54,061 465    [           main] DEBUG source.pooled.PooledDataSource  - Created connection 205962452.
2020-01-04 21:20:54,061 465    [           main] DEBUG ansaction.jdbc.JdbcTransaction  - Setting autocommit to false on JDBC Connection [com.mysql.jdbc.JDBC4Connection@c46bcd4]
2020-01-04 21:20:54,064 468    [           main] DEBUG .itheima.dao.IUserDao.saveUser  - ==>  Preparing: insert into user(username,address,sex,birthday) values(?,?,?,?); 
2020-01-04 21:20:54,117 521    [           main] DEBUG .itheima.dao.IUserDao.saveUser  - ==> Parameters: modify User property(String), 北京市顺义区(String), m(String), 2020-01-04 21:20:53.803(Timestamp)
2020-01-04 21:20:54,130 534    [           main] DEBUG .itheima.dao.IUserDao.saveUser  - <==    Updates: 1
2020-01-04 21:20:54,130 534    [           main] DEBUG ansaction.jdbc.JdbcTransaction  - Committing JDBC Connection [com.mysql.jdbc.JDBC4Connection@c46bcd4]
2020-01-04 21:20:54,173 577    [           main] DEBUG ansaction.jdbc.JdbcTransaction  - Resetting autocommit to true on JDBC Connection [com.mysql.jdbc.JDBC4Connection@c46bcd4]
2020-01-04 21:20:54,173 577    [           main] DEBUG ansaction.jdbc.JdbcTransaction  - Closing JDBC Connection [com.mysql.jdbc.JDBC4Connection@c46bcd4]
2020-01-04 21:20:54,173 577    [           main] DEBUG source.pooled.PooledDataSource  - Returned connection 205962452 to pool.
2020-01-04 21:27:47,701 0      [           main] DEBUG ache.ibatis.logging.LogFactory  - Logging initialized using 'class org.apache.ibatis.logging.log4j.Log4jImpl' adapter.
2020-01-04 21:27:47,823 122    [           main] DEBUG source.pooled.PooledDataSource  - PooledDataSource forcefully closed/removed all connections.
2020-01-04 21:27:47,823 122    [           main] DEBUG source.pooled.PooledDataSource  - PooledDataSource forcefully closed/removed all connections.
2020-01-04 21:27:47,823 122    [           main] DEBUG source.pooled.PooledDataSource  - PooledDataSource forcefully closed/removed all connections.
2020-01-04 21:27:47,824 123    [           main] DEBUG source.pooled.PooledDataSource  - PooledDataSource forcefully closed/removed all connections.
2020-01-04 21:27:47,913 212    [           main] DEBUG ansaction.jdbc.JdbcTransaction  - Opening JDBC Connection
2020-01-04 21:27:48,164 463    [           main] DEBUG source.pooled.PooledDataSource  - Created connection 1123629720.
2020-01-04 21:27:48,164 463    [           main] DEBUG ansaction.jdbc.JdbcTransaction  - Setting autocommit to false on JDBC Connection [com.mysql.jdbc.JDBC4Connection@42f93a98]
2020-01-04 21:27:48,166 465    [           main] DEBUG theima.dao.IUserDao.deleteUser  - ==>  Preparing: delete from user where id = ?; 
2020-01-04 21:27:48,213 512    [           main] DEBUG theima.dao.IUserDao.deleteUser  - ==> Parameters: 1(Integer)
2020-01-04 21:27:48,220 519    [           main] DEBUG theima.dao.IUserDao.deleteUser  - <==    Updates: 1
2020-01-04 21:27:48,220 519    [           main] DEBUG ansaction.jdbc.JdbcTransaction  - Committing JDBC Connection [com.mysql.jdbc.JDBC4Connection@42f93a98]
2020-01-04 21:27:48,285 584    [           main] DEBUG ansaction.jdbc.JdbcTransaction  - Resetting autocommit to true on JDBC Connection [com.mysql.jdbc.JDBC4Connection@42f93a98]
2020-01-04 21:27:48,286 585    [           main] DEBUG ansaction.jdbc.JdbcTransaction  - Closing JDBC Connection [com.mysql.jdbc.JDBC4Connection@42f93a98]
2020-01-04 21:27:48,286 585    [           main] DEBUG source.pooled.PooledDataSource  - Returned connection 1123629720 to pool.
2020-01-04 21:35:46,708 0      [           main] DEBUG ache.ibatis.logging.LogFactory  - Logging initialized using 'class org.apache.ibatis.logging.log4j.Log4jImpl' adapter.
2020-01-04 21:35:46,821 113    [           main] DEBUG source.pooled.PooledDataSource  - PooledDataSource forcefully closed/removed all connections.
2020-01-04 21:35:46,821 113    [           main] DEBUG source.pooled.PooledDataSource  - PooledDataSource forcefully closed/removed all connections.
2020-01-04 21:35:46,821 113    [           main] DEBUG source.pooled.PooledDataSource  - PooledDataSource forcefully closed/removed all connections.
2020-01-04 21:35:46,822 114    [           main] DEBUG source.pooled.PooledDataSource  - PooledDataSource forcefully closed/removed all connections.
2020-01-04 21:35:46,912 204    [           main] DEBUG ansaction.jdbc.JdbcTransaction  - Opening JDBC Connection
2020-01-04 21:35:47,126 418    [           main] DEBUG source.pooled.PooledDataSource  - Created connection 1123629720.
2020-01-04 21:35:47,127 419    [           main] DEBUG ansaction.jdbc.JdbcTransaction  - Setting autocommit to false on JDBC Connection [com.mysql.jdbc.JDBC4Connection@42f93a98]
2020-01-04 21:35:47,129 421    [           main] DEBUG theima.dao.IUserDao.updateUser  - ==>  Preparing: update user set username=?,address=?,sex=?,birthday=? where id = ?; 
2020-01-04 21:35:47,187 479    [           main] DEBUG theima.dao.IUserDao.updateUser  - ==> Parameters: koby(String), 洛杉矶(String), 男(String), 2020-01-04 21:35:46.904(Timestamp), 2(Integer)
2020-01-04 21:35:47,187 479    [           main] DEBUG theima.dao.IUserDao.updateUser  - <==    Updates: 1
2020-01-04 21:35:47,188 480    [           main] DEBUG ansaction.jdbc.JdbcTransaction  - Committing JDBC Connection [com.mysql.jdbc.JDBC4Connection@42f93a98]
2020-01-04 21:35:47,236 528    [           main] DEBUG ansaction.jdbc.JdbcTransaction  - Resetting autocommit to true on JDBC Connection [com.mysql.jdbc.JDBC4Connection@42f93a98]
2020-01-04 21:35:47,237 529    [           main] DEBUG ansaction.jdbc.JdbcTransaction  - Closing JDBC Connection [com.mysql.jdbc.JDBC4Connection@42f93a98]
2020-01-04 21:35:47,237 529    [           main] DEBUG source.pooled.PooledDataSource  - Returned connection 1123629720 to pool.
